This is pdfTeX, Version 3.14159265-2.6-1.40.19 (MiKTeX 2.9.6630 64-bit) (preloaded format=pdflatex 2018.5.3)  28 OCT 2018 13:17
entering extended mode
**./continuity.tex
(continuity.tex
LaTeX2e <2017-04-15>
Babel <3.18> and hyphenation patterns for 75 language(s) loaded.
(C:/localtexmf\tex\latex\ximeraLatex\ximera.cls
Document Class: ximera 2018/10/17 v1.00 Simultaneously write print and online i
nteractive materials

'::.   .::' ::  :::::     :::::  .:::::::::::::::::::.    ::: 
  '::.::'   :: ::: :::   ::: ::: ::                :::   ::':: 
    :::     :: :::  ::: :::  :::  ::::::::: .::::::::'  ::' ':: 
  .::'::.   :: :::  ::: :::  ::: ::         ::  '::.   ::'   ':: 
.::'   '::. :: :::   ':::'   ::: '::::::::: ::    '::.::'     ':: 


("C:\Users\Dr. Valerie Hower\AppData\Local\Programs\MiKTeX 2.9\tex\latex\base\a
rticle.cls"
Document Class: article 2014/09/29 v1.4h Standard LaTeX document class

("C:\Users\Dr. Valerie Hower\AppData\Local\Programs\MiKTeX 2.9\tex\latex\base\s
ize10.clo"
File: size10.clo 2014/09/29 v1.4h Standard LaTeX file (size option)
)
\c@part=\count79
\c@section=\count80
\c@subsection=\count81
\c@subsubsection=\count82
\c@paragraph=\count83
\c@subparagraph=\count84
\c@figure=\count85
\c@table=\count86
\abovecaptionskip=\skip41
\belowcaptionskip=\skip42
\bibindent=\dimen102
)
("C:\Users\Dr. Valerie Hower\AppData\Local\Programs\MiKTeX 2.9\tex\latex\cancel
\cancel.sty"
Package: cancel 2013/04/12 v2.2 Cancel math terms
)
("C:\Users\Dr. Valerie Hower\AppData\Local\Programs\MiKTeX 2.9\tex\latex\enumit
em\enumitem.sty"
Package: enumitem 2011/09/28 v3.5.2 Customized lists
\enitkv@toks@=\toks14
\labelindent=\skip43
\enit@outerparindent=\dimen103
\enit@toks=\toks15
\enit@inbox=\box26
\enitdp@description=\count87
)
("C:\Users\Dr. Valerie Hower\AppData\Local\Programs\MiKTeX 2.9\tex\latex\titles
ec\titlesec.sty"
Package: titlesec 2016/03/21 v2.10.2 Sectioning titles
\ttl@box=\box27
\beforetitleunit=\skip44
\aftertitleunit=\skip45
\ttl@plus=\dimen104
\ttl@minus=\dimen105
\ttl@toksa=\toks16
\titlewidth=\dimen106
\titlewidthlast=\dimen107
\titlewidthfirst=\dimen108

("C:\Users\Dr. Valerie Hower\AppData\Local\Programs\MiKTeX 2.9\tex\latex\titles
ec\ttlps.def"
File: ttlps.def 2016/03/15
))
("C:\Users\Dr. Valerie Hower\AppData\Local\Programs\MiKTeX 2.9\tex\latex\titles
ec\titletoc.sty"
Package: titletoc 2011/12/15 v1.6 TOC entries
\ttl@leftsep=\dimen109
)
("C:\Users\Dr. Valerie Hower\AppData\Local\Programs\MiKTeX 2.9\tex\latex\titlin
g\titling.sty"
Package: titling 2009/09/04 v2.1d maketitle typesetting
\thanksmarkwidth=\skip46
\thanksmargin=\skip47
\droptitle=\skip48
)
("C:\Users\Dr. Valerie Hower\AppData\Local\Programs\MiKTeX 2.9\tex\latex\url\ur
l.sty"
\Urlmuskip=\muskip10
Package: url 2013/09/16  ver 3.4  Verb mode for urls, etc.
)
("C:\Users\Dr. Valerie Hower\AppData\Local\Programs\MiKTeX 2.9\tex\latex\xcolor
\xcolor.sty"
Package: xcolor 2016/05/11 v2.12 LaTeX color extensions (UK)

("C:\Users\Dr. Valerie Hower\AppData\Local\Programs\MiKTeX 2.9\tex\latex\graphi
cs-cfg\color.cfg"
File: color.cfg 2016/01/02 v1.6 sample color configuration
)
Package xcolor Info: Driver file: pdftex.def on input line 225.

("C:\Users\Dr. Valerie Hower\AppData\Local\Programs\MiKTeX 2.9\tex\latex\graphi
cs-def\pdftex.def"
File: pdftex.def 2018/01/08 v1.0l Graphics/color driver for pdftex
)
("C:\Users\Dr. Valerie Hower\AppData\Local\Programs\MiKTeX 2.9\tex\latex\colort
bl\colortbl.sty"
Package: colortbl 2018/05/02 v1.0c Color table columns (DPC)

("C:\Users\Dr. Valerie Hower\AppData\Local\Programs\MiKTeX 2.9\tex\latex\tools\
array.sty"
Package: array 2016/10/06 v2.4d Tabular extension package (FMi)
\col@sep=\dimen110
\extrarowheight=\dimen111
\NC@list=\toks17
\extratabsurround=\skip49
\backup@length=\skip50
)
\everycr=\toks18
\minrowclearance=\skip51
)
\rownum=\count88
Package xcolor Info: Model `cmy' substituted by `cmy0' on input line 1348.
Package xcolor Info: Model `hsb' substituted by `rgb' on input line 1352.
Package xcolor Info: Model `RGB' extended on input line 1364.
Package xcolor Info: Model `HTML' substituted by `rgb' on input line 1366.
Package xcolor Info: Model `Hsb' substituted by `hsb' on input line 1367.
Package xcolor Info: Model `tHsb' substituted by `hsb' on input line 1368.
Package xcolor Info: Model `HSB' substituted by `hsb' on input line 1369.
Package xcolor Info: Model `Gray' substituted by `gray' on input line 1370.
Package xcolor Info: Model `wave' substituted by `hsb' on input line 1371.
)
("C:\Users\Dr. Valerie Hower\AppData\Local\Programs\MiKTeX 2.9\tex\latex\pgf\fr
ontendlayer\tikz.sty"
("C:\Users\Dr. Valerie Hower\AppData\Local\Programs\MiKTeX 2.9\tex\latex\pgf\ba
siclayer\pgf.sty"
("C:\Users\Dr. Valerie Hower\AppData\Local\Programs\MiKTeX 2.9\tex\latex\pgf\ut
ilities\pgfrcs.sty"
("C:\Users\Dr. Valerie Hower\AppData\Local\Programs\MiKTeX 2.9\tex\generic\pgf\
utilities\pgfutil-common.tex"
\pgfutil@everybye=\toks19
\pgfutil@tempdima=\dimen112
\pgfutil@tempdimb=\dimen113

("C:\Users\Dr. Valerie Hower\AppData\Local\Programs\MiKTeX 2.9\tex\generic\pgf\
utilities\pgfutil-common-lists.tex"))
("C:\Users\Dr. Valerie Hower\AppData\Local\Programs\MiKTeX 2.9\tex\generic\pgf\
utilities\pgfutil-latex.def"
\pgfutil@abb=\box28

("C:\Users\Dr. Valerie Hower\AppData\Local\Programs\MiKTeX 2.9\tex\latex\ms\eve
ryshi.sty"
Package: everyshi 2001/05/15 v3.00 EveryShipout Package (MS)
))
("C:\Users\Dr. Valerie Hower\AppData\Local\Programs\MiKTeX 2.9\tex\generic\pgf\
utilities\pgfrcs.code.tex"
Package: pgfrcs 2015/08/07 v3.0.1a (rcs-revision 1.31)
))
Package: pgf 2015/08/07 v3.0.1a (rcs-revision 1.15)

("C:\Users\Dr. Valerie Hower\AppData\Local\Programs\MiKTeX 2.9\tex\latex\pgf\ba
siclayer\pgfcore.sty"
("C:\Users\Dr. Valerie Hower\AppData\Local\Programs\MiKTeX 2.9\tex\latex\graphi
cs\graphicx.sty"
Package: graphicx 2017/06/01 v1.1a Enhanced LaTeX Graphics (DPC,SPQR)

("C:\Users\Dr. Valerie Hower\AppData\Local\Programs\MiKTeX 2.9\tex\latex\graphi
cs\keyval.sty"
Package: keyval 2014/10/28 v1.15 key=value parser (DPC)
\KV@toks@=\toks20
)
("C:\Users\Dr. Valerie Hower\AppData\Local\Programs\MiKTeX 2.9\tex\latex\graphi
cs\graphics.sty"
Package: graphics 2017/06/25 v1.2c Standard LaTeX Graphics (DPC,SPQR)

("C:\Users\Dr. Valerie Hower\AppData\Local\Programs\MiKTeX 2.9\tex\latex\graphi
cs\trig.sty"
Package: trig 2016/01/03 v1.10 sin cos tan (DPC)
)
("C:\Users\Dr. Valerie Hower\AppData\Local\Programs\MiKTeX 2.9\tex\latex\graphi
cs-cfg\graphics.cfg"
File: graphics.cfg 2016/06/04 v1.11 sample graphics configuration
)
Package graphics Info: Driver file: pdftex.def on input line 99.
)
\Gin@req@height=\dimen114
\Gin@req@width=\dimen115
)
("C:\Users\Dr. Valerie Hower\AppData\Local\Programs\MiKTeX 2.9\tex\latex\pgf\sy
stemlayer\pgfsys.sty"
("C:\Users\Dr. Valerie Hower\AppData\Local\Programs\MiKTeX 2.9\tex\generic\pgf\
systemlayer\pgfsys.code.tex"
Package: pgfsys 2014/07/09 v3.0.1a (rcs-revision 1.48)

("C:\Users\Dr. Valerie Hower\AppData\Local\Programs\MiKTeX 2.9\tex\generic\pgf\
utilities\pgfkeys.code.tex"
\pgfkeys@pathtoks=\toks21
\pgfkeys@temptoks=\toks22

("C:\Users\Dr. Valerie Hower\AppData\Local\Programs\MiKTeX 2.9\tex\generic\pgf\
utilities\pgfkeysfiltered.code.tex"
\pgfkeys@tmptoks=\toks23
))
\pgf@x=\dimen116
\pgf@y=\dimen117
\pgf@xa=\dimen118
\pgf@ya=\dimen119
\pgf@xb=\dimen120
\pgf@yb=\dimen121
\pgf@xc=\dimen122
\pgf@yc=\dimen123
\w@pgf@writea=\write3
\r@pgf@reada=\read1
\c@pgf@counta=\count89
\c@pgf@countb=\count90
\c@pgf@countc=\count91
\c@pgf@countd=\count92
\t@pgf@toka=\toks24
\t@pgf@tokb=\toks25
\t@pgf@tokc=\toks26

("C:\Users\Dr. Valerie Hower\AppData\Local\Programs\MiKTeX 2.9\tex\generic\pgf\
systemlayer\pgf.cfg"
File: pgf.cfg 2008/05/14  (rcs-revision 1.7)
)
Driver file for pgf: pgfsys-pdftex.def

("C:\Users\Dr. Valerie Hower\AppData\Local\Programs\MiKTeX 2.9\tex\generic\pgf\
systemlayer\pgfsys-pdftex.def"
File: pgfsys-pdftex.def 2014/10/11  (rcs-revision 1.35)

("C:\Users\Dr. Valerie Hower\AppData\Local\Programs\MiKTeX 2.9\tex\generic\pgf\
systemlayer\pgfsys-common-pdf.def"
File: pgfsys-common-pdf.def 2013/10/10  (rcs-revision 1.13)
)))
("C:\Users\Dr. Valerie Hower\AppData\Local\Programs\MiKTeX 2.9\tex\generic\pgf\
systemlayer\pgfsyssoftpath.code.tex"
File: pgfsyssoftpath.code.tex 2013/09/09  (rcs-revision 1.9)
\pgfsyssoftpath@smallbuffer@items=\count93
\pgfsyssoftpath@bigbuffer@items=\count94
)
("C:\Users\Dr. Valerie Hower\AppData\Local\Programs\MiKTeX 2.9\tex\generic\pgf\
systemlayer\pgfsysprotocol.code.tex"
File: pgfsysprotocol.code.tex 2006/10/16  (rcs-revision 1.4)
))
("C:\Users\Dr. Valerie Hower\AppData\Local\Programs\MiKTeX 2.9\tex\generic\pgf\
basiclayer\pgfcore.code.tex"
Package: pgfcore 2010/04/11 v3.0.1a (rcs-revision 1.7)

("C:\Users\Dr. Valerie Hower\AppData\Local\Programs\MiKTeX 2.9\tex\generic\pgf\
math\pgfmath.code.tex"
("C:\Users\Dr. Valerie Hower\AppData\Local\Programs\MiKTeX 2.9\tex\generic\pgf\
math\pgfmathcalc.code.tex"
("C:\Users\Dr. Valerie Hower\AppData\Local\Programs\MiKTeX 2.9\tex\generic\pgf\
math\pgfmathutil.code.tex")
("C:\Users\Dr. Valerie Hower\AppData\Local\Programs\MiKTeX 2.9\tex\generic\pgf\
math\pgfmathparser.code.tex"
\pgfmath@dimen=\dimen124
\pgfmath@count=\count95
\pgfmath@box=\box29
\pgfmath@toks=\toks27
\pgfmath@stack@operand=\toks28
\pgfmath@stack@operation=\toks29
)
("C:\Users\Dr. Valerie Hower\AppData\Local\Programs\MiKTeX 2.9\tex\generic\pgf\
math\pgfmathfunctions.code.tex"
("C:\Users\Dr. Valerie Hower\AppData\Local\Programs\MiKTeX 2.9\tex\generic\pgf\
math\pgfmathfunctions.basic.code.tex")
("C:\Users\Dr. Valerie Hower\AppData\Local\Programs\MiKTeX 2.9\tex\generic\pgf\
math\pgfmathfunctions.trigonometric.code.tex")
("C:\Users\Dr. Valerie Hower\AppData\Local\Programs\MiKTeX 2.9\tex\generic\pgf\
math\pgfmathfunctions.random.code.tex")
("C:\Users\Dr. Valerie Hower\AppData\Local\Programs\MiKTeX 2.9\tex\generic\pgf\
math\pgfmathfunctions.comparison.code.tex")
("C:\Users\Dr. Valerie Hower\AppData\Local\Programs\MiKTeX 2.9\tex\generic\pgf\
math\pgfmathfunctions.base.code.tex")
("C:\Users\Dr. Valerie Hower\AppData\Local\Programs\MiKTeX 2.9\tex\generic\pgf\
math\pgfmathfunctions.round.code.tex")
("C:\Users\Dr. Valerie Hower\AppData\Local\Programs\MiKTeX 2.9\tex\generic\pgf\
math\pgfmathfunctions.misc.code.tex")
("C:\Users\Dr. Valerie Hower\AppData\Local\Programs\MiKTeX 2.9\tex\generic\pgf\
math\pgfmathfunctions.integerarithmetics.code.tex")))
("C:\Users\Dr. Valerie Hower\AppData\Local\Programs\MiKTeX 2.9\tex\generic\pgf\
math\pgfmathfloat.code.tex"
\c@pgfmathroundto@lastzeros=\count96
))
("C:\Users\Dr. Valerie Hower\AppData\Local\Programs\MiKTeX 2.9\tex\generic\pgf\
basiclayer\pgfcorepoints.code.tex"
File: pgfcorepoints.code.tex 2013/10/07  (rcs-revision 1.27)
\pgf@picminx=\dimen125
\pgf@picmaxx=\dimen126
\pgf@picminy=\dimen127
\pgf@picmaxy=\dimen128
\pgf@pathminx=\dimen129
\pgf@pathmaxx=\dimen130
\pgf@pathminy=\dimen131
\pgf@pathmaxy=\dimen132
\pgf@xx=\dimen133
\pgf@xy=\dimen134
\pgf@yx=\dimen135
\pgf@yy=\dimen136
\pgf@zx=\dimen137
\pgf@zy=\dimen138
)
("C:\Users\Dr. Valerie Hower\AppData\Local\Programs\MiKTeX 2.9\tex\generic\pgf\
basiclayer\pgfcorepathconstruct.code.tex"
File: pgfcorepathconstruct.code.tex 2013/10/07  (rcs-revision 1.29)
\pgf@path@lastx=\dimen139
\pgf@path@lasty=\dimen140
)
("C:\Users\Dr. Valerie Hower\AppData\Local\Programs\MiKTeX 2.9\tex\generic\pgf\
basiclayer\pgfcorepathusage.code.tex"
File: pgfcorepathusage.code.tex 2014/11/02  (rcs-revision 1.24)
\pgf@shorten@end@additional=\dimen141
\pgf@shorten@start@additional=\dimen142
)
("C:\Users\Dr. Valerie Hower\AppData\Local\Programs\MiKTeX 2.9\tex\generic\pgf\
basiclayer\pgfcorescopes.code.tex"
File: pgfcorescopes.code.tex 2015/05/08  (rcs-revision 1.46)
\pgfpic=\box30
\pgf@hbox=\box31
\pgf@layerbox@main=\box32
\pgf@picture@serial@count=\count97
)
("C:\Users\Dr. Valerie Hower\AppData\Local\Programs\MiKTeX 2.9\tex\generic\pgf\
basiclayer\pgfcoregraphicstate.code.tex"
File: pgfcoregraphicstate.code.tex 2014/11/02  (rcs-revision 1.12)
\pgflinewidth=\dimen143
)
("C:\Users\Dr. Valerie Hower\AppData\Local\Programs\MiKTeX 2.9\tex\generic\pgf\
basiclayer\pgfcoretransformations.code.tex"
File: pgfcoretransformations.code.tex 2015/08/07  (rcs-revision 1.20)
\pgf@pt@x=\dimen144
\pgf@pt@y=\dimen145
\pgf@pt@temp=\dimen146
)
("C:\Users\Dr. Valerie Hower\AppData\Local\Programs\MiKTeX 2.9\tex\generic\pgf\
basiclayer\pgfcorequick.code.tex"
File: pgfcorequick.code.tex 2008/10/09  (rcs-revision 1.3)
)
("C:\Users\Dr. Valerie Hower\AppData\Local\Programs\MiKTeX 2.9\tex\generic\pgf\
basiclayer\pgfcoreobjects.code.tex"
File: pgfcoreobjects.code.tex 2006/10/11  (rcs-revision 1.2)
)
("C:\Users\Dr. Valerie Hower\AppData\Local\Programs\MiKTeX 2.9\tex\generic\pgf\
basiclayer\pgfcorepathprocessing.code.tex"
File: pgfcorepathprocessing.code.tex 2013/09/09  (rcs-revision 1.9)
)
("C:\Users\Dr. Valerie Hower\AppData\Local\Programs\MiKTeX 2.9\tex\generic\pgf\
basiclayer\pgfcorearrows.code.tex"
File: pgfcorearrows.code.tex 2015/05/14  (rcs-revision 1.43)
\pgfarrowsep=\dimen147
)
("C:\Users\Dr. Valerie Hower\AppData\Local\Programs\MiKTeX 2.9\tex\generic\pgf\
basiclayer\pgfcoreshade.code.tex"
File: pgfcoreshade.code.tex 2013/07/15  (rcs-revision 1.15)
\pgf@max=\dimen148
\pgf@sys@shading@range@num=\count98
)
("C:\Users\Dr. Valerie Hower\AppData\Local\Programs\MiKTeX 2.9\tex\generic\pgf\
basiclayer\pgfcoreimage.code.tex"
File: pgfcoreimage.code.tex 2013/07/15  (rcs-revision 1.18)

("C:\Users\Dr. Valerie Hower\AppData\Local\Programs\MiKTeX 2.9\tex\generic\pgf\
basiclayer\pgfcoreexternal.code.tex"
File: pgfcoreexternal.code.tex 2014/07/09  (rcs-revision 1.21)
\pgfexternal@startupbox=\box33
))
("C:\Users\Dr. Valerie Hower\AppData\Local\Programs\MiKTeX 2.9\tex\generic\pgf\
basiclayer\pgfcorelayers.code.tex"
File: pgfcorelayers.code.tex 2013/07/18  (rcs-revision 1.7)
)
("C:\Users\Dr. Valerie Hower\AppData\Local\Programs\MiKTeX 2.9\tex\generic\pgf\
basiclayer\pgfcoretransparency.code.tex"
File: pgfcoretransparency.code.tex 2013/09/30  (rcs-revision 1.5)
)
("C:\Users\Dr. Valerie Hower\AppData\Local\Programs\MiKTeX 2.9\tex\generic\pgf\
basiclayer\pgfcorepatterns.code.tex"
File: pgfcorepatterns.code.tex 2013/11/07  (rcs-revision 1.5)
)))
("C:\Users\Dr. Valerie Hower\AppData\Local\Programs\MiKTeX 2.9\tex\generic\pgf\
modules\pgfmoduleshapes.code.tex"
File: pgfmoduleshapes.code.tex 2014/03/21  (rcs-revision 1.35)
\pgfnodeparttextbox=\box34
)
("C:\Users\Dr. Valerie Hower\AppData\Local\Programs\MiKTeX 2.9\tex\generic\pgf\
modules\pgfmoduleplot.code.tex"
File: pgfmoduleplot.code.tex 2015/08/03  (rcs-revision 1.13)
)
("C:\Users\Dr. Valerie Hower\AppData\Local\Programs\MiKTeX 2.9\tex\latex\pgf\co
mpatibility\pgfcomp-version-0-65.sty"
Package: pgfcomp-version-0-65 2007/07/03 v3.0.1a (rcs-revision 1.7)
\pgf@nodesepstart=\dimen149
\pgf@nodesepend=\dimen150
)
("C:\Users\Dr. Valerie Hower\AppData\Local\Programs\MiKTeX 2.9\tex\latex\pgf\co
mpatibility\pgfcomp-version-1-18.sty"
Package: pgfcomp-version-1-18 2007/07/23 v3.0.1a (rcs-revision 1.1)
))
("C:\Users\Dr. Valerie Hower\AppData\Local\Programs\MiKTeX 2.9\tex\latex\pgf\ut
ilities\pgffor.sty"
("C:\Users\Dr. Valerie Hower\AppData\Local\Programs\MiKTeX 2.9\tex\latex\pgf\ut
ilities\pgfkeys.sty"
("C:\Users\Dr. Valerie Hower\AppData\Local\Programs\MiKTeX 2.9\tex\generic\pgf\
utilities\pgfkeys.code.tex"))
("C:\Users\Dr. Valerie Hower\AppData\Local\Programs\MiKTeX 2.9\tex\latex\pgf\ma
th\pgfmath.sty"
("C:\Users\Dr. Valerie Hower\AppData\Local\Programs\MiKTeX 2.9\tex\generic\pgf\
math\pgfmath.code.tex"))
("C:\Users\Dr. Valerie Hower\AppData\Local\Programs\MiKTeX 2.9\tex\generic\pgf\
utilities\pgffor.code.tex"
Package: pgffor 2013/12/13 v3.0.1a (rcs-revision 1.25)

("C:\Users\Dr. Valerie Hower\AppData\Local\Programs\MiKTeX 2.9\tex\generic\pgf\
math\pgfmath.code.tex")
\pgffor@iter=\dimen151
\pgffor@skip=\dimen152
\pgffor@stack=\toks30
\pgffor@toks=\toks31
))
("C:\Users\Dr. Valerie Hower\AppData\Local\Programs\MiKTeX 2.9\tex\generic\pgf\
frontendlayer\tikz\tikz.code.tex"
Package: tikz 2015/08/07 v3.0.1a (rcs-revision 1.151)

("C:\Users\Dr. Valerie Hower\AppData\Local\Programs\MiKTeX 2.9\tex\generic\pgf\
libraries\pgflibraryplothandlers.code.tex"
File: pgflibraryplothandlers.code.tex 2013/08/31 v3.0.1a (rcs-revision 1.20)
\pgf@plot@mark@count=\count99
\pgfplotmarksize=\dimen153
)
\tikz@lastx=\dimen154
\tikz@lasty=\dimen155
\tikz@lastxsaved=\dimen156
\tikz@lastysaved=\dimen157
\tikzleveldistance=\dimen158
\tikzsiblingdistance=\dimen159
\tikz@figbox=\box35
\tikz@figbox@bg=\box36
\tikz@tempbox=\box37
\tikz@tempbox@bg=\box38
\tikztreelevel=\count100
\tikznumberofchildren=\count101
\tikznumberofcurrentchild=\count102
\tikz@fig@count=\count103

("C:\Users\Dr. Valerie Hower\AppData\Local\Programs\MiKTeX 2.9\tex\generic\pgf\
modules\pgfmodulematrix.code.tex"
File: pgfmodulematrix.code.tex 2013/09/17  (rcs-revision 1.8)
\pgfmatrixcurrentrow=\count104
\pgfmatrixcurrentcolumn=\count105
\pgf@matrix@numberofcolumns=\count106
)
\tikz@expandcount=\count107

("C:\Users\Dr. Valerie Hower\AppData\Local\Programs\MiKTeX 2.9\tex\generic\pgf\
frontendlayer\tikz\libraries\tikzlibrarytopaths.code.tex"
File: tikzlibrarytopaths.code.tex 2008/06/17 v3.0.1a (rcs-revision 1.2)
)))
("C:\Users\Dr. Valerie Hower\AppData\Local\Programs\MiKTeX 2.9\tex\latex\pgfplo
ts\pgfplots.sty"
("C:\Users\Dr. Valerie Hower\AppData\Local\Programs\MiKTeX 2.9\tex\generic\pgfp
lots\pgfplots.revision.tex")
Package: pgfplots 2018/03/28 v1.16 Data Visualization (1.16)

("C:\Users\Dr. Valerie Hower\AppData\Local\Programs\MiKTeX 2.9\tex\generic\pgfp
lots\pgfplots.code.tex"
("C:\Users\Dr. Valerie Hower\AppData\Local\Programs\MiKTeX 2.9\tex\generic\pgfp
lots\pgfplotscore.code.tex"
\t@pgfplots@toka=\toks32
\t@pgfplots@tokb=\toks33
\t@pgfplots@tokc=\toks34
\pgfplots@tmpa=\dimen160
\c@pgfplots@coordindex=\count108
\c@pgfplots@scanlineindex=\count109

("C:\Users\Dr. Valerie Hower\AppData\Local\Programs\MiKTeX 2.9\tex\generic\pgfp
lots\sys\pgfplotssysgeneric.code.tex"))
("C:\Users\Dr. Valerie Hower\AppData\Local\Programs\MiKTeX 2.9\tex\generic\pgfp
lots\libs\pgfplotslibrary.code.tex")
("C:\Users\Dr. Valerie Hower\AppData\Local\Programs\MiKTeX 2.9\tex\generic\pgfp
lots\oldpgfcompatib\pgfplotsoldpgfsupp_loader.code.tex"
("C:\Users\Dr. Valerie Hower\AppData\Local\Programs\MiKTeX 2.9\tex\generic\pgf\
libraries\pgflibraryfpu.code.tex")
Package pgfplots: loading complementary arithmetics for your pgf version...

("C:\Users\Dr. Valerie Hower\AppData\Local\Programs\MiKTeX 2.9\tex\generic\pgfp
lots\oldpgfcompatib\pgfplotsoldpgfsupp_pgflibraryfpu.code.tex")
("C:\Users\Dr. Valerie Hower\AppData\Local\Programs\MiKTeX 2.9\tex\generic\pgfp
lots\oldpgfcompatib\pgfplotsoldpgfsupp_pgfmathfloat.code.tex"
\c@pgfmathroundto@lastzeros=\count110
)
("C:\Users\Dr. Valerie Hower\AppData\Local\Programs\MiKTeX 2.9\tex\generic\pgfp
lots\oldpgfcompatib\pgfplotsoldpgfsupp_leq.code.tex"))
("C:\Users\Dr. Valerie Hower\AppData\Local\Programs\MiKTeX 2.9\tex\generic\pgfp
lots\util\pgfplotsutil.code.tex"
("C:\Users\Dr. Valerie Hower\AppData\Local\Programs\MiKTeX 2.9\tex\generic\pgfp
lots\liststructure\pgfplotsliststructure.code.tex")
("C:\Users\Dr. Valerie Hower\AppData\Local\Programs\MiKTeX 2.9\tex\generic\pgfp
lots\liststructure\pgfplotsliststructureext.code.tex")
("C:\Users\Dr. Valerie Hower\AppData\Local\Programs\MiKTeX 2.9\tex\generic\pgfp
lots\liststructure\pgfplotsarray.code.tex"
\c@pgfplotsarray@tmp=\count111
)
("C:\Users\Dr. Valerie Hower\AppData\Local\Programs\MiKTeX 2.9\tex\generic\pgfp
lots\liststructure\pgfplotsmatrix.code.tex")
("C:\Users\Dr. Valerie Hower\AppData\Local\Programs\MiKTeX 2.9\tex\generic\pgfp
lots\numtable\pgfplotstableshared.code.tex"
\c@pgfplotstable@counta=\count112
\t@pgfplotstable@a=\toks35
)
("C:\Users\Dr. Valerie Hower\AppData\Local\Programs\MiKTeX 2.9\tex\generic\pgfp
lots\liststructure\pgfplotsdeque.code.tex")
("C:\Users\Dr. Valerie Hower\AppData\Local\Programs\MiKTeX 2.9\tex\generic\pgfp
lots\util\pgfplotsbinary.code.tex"
("C:\Users\Dr. Valerie Hower\AppData\Local\Programs\MiKTeX 2.9\tex\generic\pgfp
lots\util\pgfplotsbinary.data.code.tex"))
("C:\Users\Dr. Valerie Hower\AppData\Local\Programs\MiKTeX 2.9\tex\generic\pgfp
lots\util\pgfplotsutil.verb.code.tex")
("C:\Users\Dr. Valerie Hower\AppData\Local\Programs\MiKTeX 2.9\tex\generic\pgfp
lots\libs\pgflibrarypgfplots.surfshading.code.tex"
\c@pgfplotslibrarysurf@no=\count113

("C:\Users\Dr. Valerie Hower\AppData\Local\Programs\MiKTeX 2.9\tex\generic\pgfp
lots\sys\pgflibrarypgfplots.surfshading.pgfsys-pdftex.def")))
("C:\Users\Dr. Valerie Hower\AppData\Local\Programs\MiKTeX 2.9\tex\generic\pgfp
lots\util\pgfplotscolormap.code.tex"
("C:\Users\Dr. Valerie Hower\AppData\Local\Programs\MiKTeX 2.9\tex\generic\pgfp
lots\util\pgfplotscolor.code.tex"))
("C:\Users\Dr. Valerie Hower\AppData\Local\Programs\MiKTeX 2.9\tex\generic\pgfp
lots\pgfplotsstackedplots.code.tex")
("C:\Users\Dr. Valerie Hower\AppData\Local\Programs\MiKTeX 2.9\tex\generic\pgfp
lots\pgfplotsplothandlers.code.tex"
("C:\Users\Dr. Valerie Hower\AppData\Local\Programs\MiKTeX 2.9\tex\generic\pgfp
lots\pgfplotsmeshplothandler.code.tex"
("C:\Users\Dr. Valerie Hower\AppData\Local\Programs\MiKTeX 2.9\tex\generic\pgfp
lots\pgfplotsmeshplotimage.code.tex")))
("C:\Users\Dr. Valerie Hower\AppData\Local\Programs\MiKTeX 2.9\tex\generic\pgfp
lots\pgfplots.scaling.code.tex")
("C:\Users\Dr. Valerie Hower\AppData\Local\Programs\MiKTeX 2.9\tex\generic\pgfp
lots\pgfplotscoordprocessing.code.tex")
("C:\Users\Dr. Valerie Hower\AppData\Local\Programs\MiKTeX 2.9\tex\generic\pgfp
lots\pgfplots.errorbars.code.tex")
("C:\Users\Dr. Valerie Hower\AppData\Local\Programs\MiKTeX 2.9\tex\generic\pgfp
lots\pgfplots.markers.code.tex")
("C:\Users\Dr. Valerie Hower\AppData\Local\Programs\MiKTeX 2.9\tex\generic\pgfp
lots\pgfplotsticks.code.tex")
("C:\Users\Dr. Valerie Hower\AppData\Local\Programs\MiKTeX 2.9\tex\generic\pgfp
lots\pgfplots.paths.code.tex")
("C:\Users\Dr. Valerie Hower\AppData\Local\Programs\MiKTeX 2.9\tex\generic\pgf\
frontendlayer\tikz\libraries\tikzlibrarydecorations.code.tex"
("C:\Users\Dr. Valerie Hower\AppData\Local\Programs\MiKTeX 2.9\tex\generic\pgf\
modules\pgfmoduledecorations.code.tex"
\pgfdecoratedcompleteddistance=\dimen161
\pgfdecoratedremainingdistance=\dimen162
\pgfdecoratedinputsegmentcompleteddistance=\dimen163
\pgfdecoratedinputsegmentremainingdistance=\dimen164
\pgf@decorate@distancetomove=\dimen165
\pgf@decorate@repeatstate=\count114
\pgfdecorationsegmentamplitude=\dimen166
\pgfdecorationsegmentlength=\dimen167
)
\tikz@lib@dec@box=\box39
)
("C:\Users\Dr. Valerie Hower\AppData\Local\Programs\MiKTeX 2.9\tex\generic\pgf\
frontendlayer\tikz\libraries\tikzlibrarydecorations.pathmorphing.code.tex"
("C:\Users\Dr. Valerie Hower\AppData\Local\Programs\MiKTeX 2.9\tex\generic\pgf\
libraries\decorations\pgflibrarydecorations.pathmorphing.code.tex"))
("C:\Users\Dr. Valerie Hower\AppData\Local\Programs\MiKTeX 2.9\tex\generic\pgf\
frontendlayer\tikz\libraries\tikzlibrarydecorations.pathreplacing.code.tex"
("C:\Users\Dr. Valerie Hower\AppData\Local\Programs\MiKTeX 2.9\tex\generic\pgf\
libraries\decorations\pgflibrarydecorations.pathreplacing.code.tex"))
\pgfplots@numplots=\count115
\pgfplots@xmin@reg=\dimen168
\pgfplots@xmax@reg=\dimen169
\pgfplots@ymin@reg=\dimen170
\pgfplots@ymax@reg=\dimen171
\pgfplots@zmin@reg=\dimen172
\pgfplots@zmax@reg=\dimen173
)
("C:\Users\Dr. Valerie Hower\AppData\Local\Programs\MiKTeX 2.9\tex\generic\pgf\
frontendlayer\tikz\libraries\tikzlibraryplotmarks.code.tex"
File: tikzlibraryplotmarks.code.tex 2008/01/09 v3.0.1a (rcs-revision 1.1)

("C:\Users\Dr. Valerie Hower\AppData\Local\Programs\MiKTeX 2.9\tex\generic\pgf\
libraries\pgflibraryplotmarks.code.tex"
File: pgflibraryplotmarks.code.tex 2015/08/03 v3.0.1a (rcs-revision 1.14)
)))
("C:\Users\Dr. Valerie Hower\AppData\Local\Programs\MiKTeX 2.9\tex\generic\pgfp
lots\libs\tikzlibrarypgfplots.groupplots.code.tex"
\pgfplots@group@current@plot=\count116
\pgfplots@group@current@row=\count117
\pgfplots@group@current@column=\count118

("C:\Users\Dr. Valerie Hower\AppData\Local\Programs\MiKTeX 2.9\tex\generic\pgf\
frontendlayer\tikz\libraries\tikzlibrarycalc.code.tex"
File: tikzlibrarycalc.code.tex 2013/07/15 v3.0.1a (rcs-revision 1.9)
))
("C:\Users\Dr. Valerie Hower\AppData\Local\Programs\MiKTeX 2.9\tex\latex\fancyv
rb\fancyvrb.sty"
Package: fancyvrb 2008/02/07

Style option: `fancyvrb' v2.7a, with DG/SPQR fixes, and firstline=lastline fix 
<2008/02/07> (tvz)
\FV@CodeLineNo=\count119
\FV@InFile=\read2
\FV@TabBox=\box40
\c@FancyVerbLine=\count120
\FV@StepNumber=\count121
\FV@OutFile=\write4
)
("C:\Users\Dr. Valerie Hower\AppData\Local\Programs\MiKTeX 2.9\tex\latex\forloo
p\forloop.sty"
Package: forloop 2006/09/18 v3.0 For Loops for LaTeX

("C:\Users\Dr. Valerie Hower\AppData\Local\Programs\MiKTeX 2.9\tex\latex\base\i
fthen.sty"
Package: ifthen 2014/09/29 v1.1c Standard LaTeX ifthen package (DPC)
))
("C:\Users\Dr. Valerie Hower\AppData\Local\Programs\MiKTeX 2.9\tex\latex\enviro
n\environ.sty"
Package: environ 2014/05/04 v0.3 A new way to define environments

("C:\Users\Dr. Valerie Hower\AppData\Local\Programs\MiKTeX 2.9\tex\latex\trimsp
aces\trimspaces.sty"
Package: trimspaces 2009/09/17 v1.1 Trim spaces around a token list
)
\@envbody=\toks36
)
("C:\Users\Dr. Valerie Hower\AppData\Local\Programs\MiKTeX 2.9\tex\latex\amsfon
ts\amssymb.sty"
Package: amssymb 2013/01/14 v3.01 AMS font symbols

("C:\Users\Dr. Valerie Hower\AppData\Local\Programs\MiKTeX 2.9\tex\latex\amsfon
ts\amsfonts.sty"
Package: amsfonts 2013/01/14 v3.01 Basic AMSFonts support
\@emptytoks=\toks37
\symAMSa=\mathgroup4
\symAMSb=\mathgroup5
LaTeX Font Info:    Overwriting math alphabet `\mathfrak' in version `bold'
(Font)                  U/euf/m/n --> U/euf/b/n on input line 106.
))
("C:\Users\Dr. Valerie Hower\AppData\Local\Programs\MiKTeX 2.9\tex\latex\amsmat
h\amsmath.sty"
Package: amsmath 2017/09/02 v2.17a AMS math features
\@mathmargin=\skip52

For additional information on amsmath, use the `?' option.

("C:\Users\Dr. Valerie Hower\AppData\Local\Programs\MiKTeX 2.9\tex\latex\amsmat
h\amstext.sty"
Package: amstext 2000/06/29 v2.01 AMS text

("C:\Users\Dr. Valerie Hower\AppData\Local\Programs\MiKTeX 2.9\tex\latex\amsmat
h\amsgen.sty"
File: amsgen.sty 1999/11/30 v2.0 generic functions
\@emptytoks=\toks38
\ex@=\dimen174
))
("C:\Users\Dr. Valerie Hower\AppData\Local\Programs\MiKTeX 2.9\tex\latex\amsmat
h\amsbsy.sty"
Package: amsbsy 1999/11/29 v1.2d Bold Symbols
\pmbraise@=\dimen175
)
("C:\Users\Dr. Valerie Hower\AppData\Local\Programs\MiKTeX 2.9\tex\latex\amsmat
h\amsopn.sty"
Package: amsopn 2016/03/08 v2.02 operator names
)
\inf@bad=\count122
LaTeX Info: Redefining \frac on input line 213.
\uproot@=\count123
\leftroot@=\count124
LaTeX Info: Redefining \overline on input line 375.
\classnum@=\count125
\DOTSCASE@=\count126
LaTeX Info: Redefining \ldots on input line 472.
LaTeX Info: Redefining \dots on input line 475.
LaTeX Info: Redefining \cdots on input line 596.
\Mathstrutbox@=\box41
\strutbox@=\box42
\big@size=\dimen176
LaTeX Font Info:    Redeclaring font encoding OML on input line 712.
LaTeX Font Info:    Redeclaring font encoding OMS on input line 713.
\macc@depth=\count127
\c@MaxMatrixCols=\count128
\dotsspace@=\muskip11
\c@parentequation=\count129
\dspbrk@lvl=\count130
\tag@help=\toks39
\row@=\count131
\column@=\count132
\maxfields@=\count133
\andhelp@=\toks40
\eqnshift@=\dimen177
\alignsep@=\dimen178
\tagshift@=\dimen179
\tagwidth@=\dimen180
\totwidth@=\dimen181
\lineht@=\dimen182
\@envbody=\toks41
\multlinegap=\skip53
\multlinetaggap=\skip54
\mathdisplay@stack=\toks42
LaTeX Info: Redefining \[ on input line 2817.
LaTeX Info: Redefining \] on input line 2818.
)
("C:\Users\Dr. Valerie Hower\AppData\Local\Programs\MiKTeX 2.9\tex\latex\amscls
\amsthm.sty"
Package: amsthm 2017/10/31 v2.20.4
\thm@style=\toks43
\thm@bodyfont=\toks44
\thm@headfont=\toks45
\thm@notefont=\toks46
\thm@headpunct=\toks47
\thm@preskip=\skip55
\thm@postskip=\skip56
\thm@headsep=\skip57
\dth@everypar=\toks48
)
("C:\Users\Dr. Valerie Hower\AppData\Local\Programs\MiKTeX 2.9\tex\latex\xifthe
n\xifthen.sty"
Package: xifthen 2015/11/05 v1.4.0 Extended ifthen features

("C:\Users\Dr. Valerie Hower\AppData\Local\Programs\MiKTeX 2.9\tex\latex\tools\
calc.sty"
Package: calc 2014/10/28 v4.3 Infix arithmetic (KKT,FJ)
\calc@Acount=\count134
\calc@Bcount=\count135
\calc@Adimen=\dimen183
\calc@Bdimen=\dimen184
\calc@Askip=\skip58
\calc@Bskip=\skip59
LaTeX Info: Redefining \setlength on input line 80.
LaTeX Info: Redefining \addtolength on input line 81.
\calc@Ccount=\count136
\calc@Cskip=\skip60
)
("C:\Users\Dr. Valerie Hower\AppData\Local\Programs\MiKTeX 2.9\tex\latex\ifmtar
g\ifmtarg.sty"
Package: ifmtarg 2018/04/16 v1.2b check for an empty argument
))
("C:\Users\Dr. Valerie Hower\AppData\Local\Programs\MiKTeX 2.9\tex\latex\multid
o\multido.sty"
Package: multido 2004/05/17 package wrapper for PSTricks `multido.tex', (HV/RN)


("C:\Users\Dr. Valerie Hower\AppData\Local\Programs\MiKTeX 2.9\tex\generic\mult
ido\multido.tex"  v1.42, 2010/05/14 <tvz>
\multido@count=\count137
\multidocount=\count138
\multido@stuff=\toks49
)
File: multido.tex 2010/05/14 v1.42 `multido' (tvz,hv)
)
("C:\Users\Dr. Valerie Hower\AppData\Local\Programs\MiKTeX 2.9\tex\latex\listin
gs\listings.sty"
\lst@mode=\count139
\lst@gtempboxa=\box43
\lst@token=\toks50
\lst@length=\count140
\lst@currlwidth=\dimen185
\lst@column=\count141
\lst@pos=\count142
\lst@lostspace=\dimen186
\lst@width=\dimen187
\lst@newlines=\count143
\lst@lineno=\count144
\lst@maxwidth=\dimen188

("C:\Users\Dr. Valerie Hower\AppData\Local\Programs\MiKTeX 2.9\tex\latex\listin
gs\lstmisc.sty"
File: lstmisc.sty 2018/09/02 1.7 (Carsten Heinz)
\c@lstnumber=\count145
\lst@skipnumbers=\count146
\lst@framebox=\box44
)
("C:\Users\Dr. Valerie Hower\AppData\Local\Programs\MiKTeX 2.9\tex\latex\listin
gs\listings.cfg"
File: listings.cfg 2018/09/02 1.7 listings configuration
))
Package: listings 2018/09/02 1.7 (Carsten Heinz)

("C:\Users\Dr. Valerie Hower\AppData\Local\Programs\MiKTeX 2.9\tex\latex\xkeyva
l\xkeyval.sty"
Package: xkeyval 2014/12/03 v2.7a package option processing (HA)

("C:\Users\Dr. Valerie Hower\AppData\Local\Programs\MiKTeX 2.9\tex\generic\xkey
val\xkeyval.tex"
("C:\Users\Dr. Valerie Hower\AppData\Local\Programs\MiKTeX 2.9\tex\generic\xkey
val\xkvutils.tex"
\XKV@toks=\toks51
\XKV@tempa@toks=\toks52
)
\XKV@depth=\count147
File: xkeyval.tex 2014/12/03 v2.7a key=value parser (HA)
))
("C:\Users\Dr. Valerie Hower\AppData\Local\Programs\MiKTeX 2.9\tex\latex\commen
t\comment.sty"
\CommentStream=\write5
 Excluding comment 'comment')
("C:\Users\Dr. Valerie Hower\AppData\Local\Programs\MiKTeX 2.9\tex\generic\ober
diek\gettitlestring.sty"
Package: gettitlestring 2016/05/16 v1.5 Cleanup title references (HO)

("C:\Users\Dr. Valerie Hower\AppData\Local\Programs\MiKTeX 2.9\tex\latex\oberdi
ek\kvoptions.sty"
Package: kvoptions 2016/05/16 v3.12 Key value format for package options (HO)

("C:\Users\Dr. Valerie Hower\AppData\Local\Programs\MiKTeX 2.9\tex\generic\ober
diek\ltxcmds.sty"
Package: ltxcmds 2016/05/16 v1.23 LaTeX kernel commands for general use (HO)
)
("C:\Users\Dr. Valerie Hower\AppData\Local\Programs\MiKTeX 2.9\tex\generic\ober
diek\kvsetkeys.sty"
Package: kvsetkeys 2016/05/16 v1.17 Key value parser (HO)

("C:\Users\Dr. Valerie Hower\AppData\Local\Programs\MiKTeX 2.9\tex\generic\ober
diek\infwarerr.sty"
Package: infwarerr 2016/05/16 v1.4 Providing info/warning/error messages (HO)
)
("C:\Users\Dr. Valerie Hower\AppData\Local\Programs\MiKTeX 2.9\tex\generic\ober
diek\etexcmds.sty"
Package: etexcmds 2016/05/16 v1.6 Avoid name clashes with e-TeX commands (HO)

("C:\Users\Dr. Valerie Hower\AppData\Local\Programs\MiKTeX 2.9\tex\generic\ober
diek\ifluatex.sty"
Package: ifluatex 2016/05/16 v1.4 Provides the ifluatex switch (HO)
Package ifluatex Info: LuaTeX not detected.
)
Package etexcmds Info: Could not find \expanded.
(etexcmds)             That can mean that you are not using pdfTeX 1.50 or
(etexcmds)             that some package has redefined \expanded.
(etexcmds)             In the latter case, load this package earlier.
))))
("C:\Users\Dr. Valerie Hower\AppData\Local\Programs\MiKTeX 2.9\tex\latex\hyperr
ef\nameref.sty"
Package: nameref 2016/05/21 v2.44 Cross-referencing by name of section

("C:\Users\Dr. Valerie Hower\AppData\Local\Programs\MiKTeX 2.9\tex\latex\oberdi
ek\refcount.sty"
Package: refcount 2016/05/16 v3.5 Data extraction from label references (HO)
)
\c@section@level=\count148
LaTeX Info: Redefining \ref on input line 355.
LaTeX Info: Redefining \pageref on input line 355.
)
("C:\Users\Dr. Valerie Hower\AppData\Local\Programs\MiKTeX 2.9\tex\latex\oberdi
ek\epstopdf.sty"
Package: epstopdf 2016/05/15 v2.6 Conversion with epstopdf on the fly (HO)

("C:\Users\Dr. Valerie Hower\AppData\Local\Programs\MiKTeX 2.9\tex\latex\oberdi
ek\epstopdf-base.sty"
Package: epstopdf-base 2016/05/15 v2.6 Base part for package epstopdf

("C:\Users\Dr. Valerie Hower\AppData\Local\Programs\MiKTeX 2.9\tex\latex\oberdi
ek\grfext.sty"
Package: grfext 2016/05/16 v1.2 Manage graphics extensions (HO)

("C:\Users\Dr. Valerie Hower\AppData\Local\Programs\MiKTeX 2.9\tex\generic\ober
diek\kvdefinekeys.sty"
Package: kvdefinekeys 2016/05/16 v1.4 Define keys (HO)
))
("C:\Users\Dr. Valerie Hower\AppData\Local\Programs\MiKTeX 2.9\tex\generic\ober
diek\pdftexcmds.sty"
Package: pdftexcmds 2018/01/21 v0.26 Utility functions of pdfTeX for LuaTeX (HO
)

("C:\Users\Dr. Valerie Hower\AppData\Local\Programs\MiKTeX 2.9\tex\generic\ober
diek\ifpdf.sty"
Package: ifpdf 2017/03/15 v3.2 Provides the ifpdf switch
)
Package pdftexcmds Info: LuaTeX not detected.
Package pdftexcmds Info: \pdf@primitive is available.
Package pdftexcmds Info: \pdf@ifprimitive is available.
Package pdftexcmds Info: \pdfdraftmode found.
)
Package epstopdf-base Info: Redefining graphics rule for `.eps' on input line 4
38.
Package grfext Info: Graphics extension search list:
(grfext)             [.pdf,.png,.jpg,.mps,.jpeg,.jbig2,.jb2,.PDF,.PNG,.JPG,.JPE
G,.JBIG2,.JB2,.eps]
(grfext)             \AppendGraphicsExtensions on input line 456.
))
("C:\Users\Dr. Valerie Hower\AppData\Local\Programs\MiKTeX 2.9\tex\latex\hyperr
ef\hyperref.sty"
Package: hyperref 2018/02/06 v6.86b Hypertext links for LaTeX

("C:\Users\Dr. Valerie Hower\AppData\Local\Programs\MiKTeX 2.9\tex\generic\ober
diek\hobsub-hyperref.sty"
Package: hobsub-hyperref 2016/05/16 v1.14 Bundle oberdiek, subset hyperref (HO)


("C:\Users\Dr. Valerie Hower\AppData\Local\Programs\MiKTeX 2.9\tex\generic\ober
diek\hobsub-generic.sty"
Package: hobsub-generic 2016/05/16 v1.14 Bundle oberdiek, subset generic (HO)
Package: hobsub 2016/05/16 v1.14 Construct package bundles (HO)
Package hobsub Info: Skipping package `infwarerr' (already loaded).
Package hobsub Info: Skipping package `ltxcmds' (already loaded).
Package hobsub Info: Skipping package `ifluatex' (already loaded).
Package: ifvtex 2016/05/16 v1.6 Detect VTeX and its facilities (HO)
Package ifvtex Info: VTeX not detected.
Package: intcalc 2016/05/16 v1.2 Expandable calculations with integers (HO)
Package hobsub Info: Skipping package `ifpdf' (already loaded).
Package hobsub Info: Skipping package `etexcmds' (already loaded).
Package hobsub Info: Skipping package `kvsetkeys' (already loaded).
Package hobsub Info: Skipping package `kvdefinekeys' (already loaded).
Package hobsub Info: Skipping package `pdftexcmds' (already loaded).
Package: pdfescape 2016/05/16 v1.14 Implements pdfTeX's escape features (HO)
Package: bigintcalc 2016/05/16 v1.4 Expandable calculations on big integers (HO
)
Package: bitset 2016/05/16 v1.2 Handle bit-vector datatype (HO)
Package: uniquecounter 2016/05/16 v1.3 Provide unlimited unique counter (HO)
)
Package hobsub Info: Skipping package `hobsub' (already loaded).
Package: letltxmacro 2016/05/16 v1.5 Let assignment for LaTeX macros (HO)
Package: hopatch 2016/05/16 v1.3 Wrapper for package hooks (HO)
Package: xcolor-patch 2016/05/16 xcolor patch
Package: atveryend 2016/05/16 v1.9 Hooks at the very end of document (HO)
Package atveryend Info: \enddocument detected (standard20110627).
Package: atbegshi 2016/06/09 v1.18 At begin shipout hook (HO)
Package hobsub Info: Skipping package `refcount' (already loaded).
Package: hycolor 2016/05/16 v1.8 Color options for hyperref/bookmark (HO)
)
("C:\Users\Dr. Valerie Hower\AppData\Local\Programs\MiKTeX 2.9\tex\generic\ifxe
tex\ifxetex.sty"
Package: ifxetex 2010/09/12 v0.6 Provides ifxetex conditional
)
("C:\Users\Dr. Valerie Hower\AppData\Local\Programs\MiKTeX 2.9\tex\latex\oberdi
ek\auxhook.sty"
Package: auxhook 2016/05/16 v1.4 Hooks for auxiliary files (HO)
)
\@linkdim=\dimen189
\Hy@linkcounter=\count149
\Hy@pagecounter=\count150

("C:\Users\Dr. Valerie Hower\AppData\Local\Programs\MiKTeX 2.9\tex\latex\hyperr
ef\pd1enc.def"
File: pd1enc.def 2018/02/06 v6.86b Hyperref: PDFDocEncoding definition (HO)
)
\Hy@SavedSpaceFactor=\count151

("C:\Users\Dr. Valerie Hower\AppData\Local\Programs\MiKTeX 2.9\tex\latex\00mikt
ex\hyperref.cfg"
File: hyperref.cfg 2002/06/06 v1.2 hyperref configuration of TeXLive
)
Package hyperref Info: Option `pdfpagelabels' set `true' on input line 4383.
Package hyperref Info: Option `colorlinks' set `true' on input line 4383.
Package hyperref Info: Hyper figures OFF on input line 4509.
Package hyperref Info: Link nesting OFF on input line 4514.
Package hyperref Info: Hyper index ON on input line 4517.
Package hyperref Info: Plain pages OFF on input line 4524.
Package hyperref Info: Backreferencing OFF on input line 4529.
Package hyperref Info: Implicit mode ON; LaTeX internals redefined.
Package hyperref Info: Bookmarks ON on input line 4762.
\c@Hy@tempcnt=\count152
LaTeX Info: Redefining \url on input line 5115.
\XeTeXLinkMargin=\dimen190
\Fld@menulength=\count153
\Field@Width=\dimen191
\Fld@charsize=\dimen192
Package hyperref Info: Hyper figures OFF on input line 6369.
Package hyperref Info: Link nesting OFF on input line 6374.
Package hyperref Info: Hyper index ON on input line 6377.
Package hyperref Info: backreferencing OFF on input line 6384.
Package hyperref Info: Link coloring ON on input line 6387.
Package hyperref Info: Link coloring with OCG OFF on input line 6394.
Package hyperref Info: PDF/A mode OFF on input line 6399.
LaTeX Info: Redefining \ref on input line 6439.
LaTeX Info: Redefining \pageref on input line 6443.
\Hy@abspage=\count154
\c@Item=\count155
\c@Hfootnote=\count156
)
Package hyperref Info: Driver (autodetected): hpdftex.

("C:\Users\Dr. Valerie Hower\AppData\Local\Programs\MiKTeX 2.9\tex\latex\hyperr
ef\hpdftex.def"
File: hpdftex.def 2018/02/06 v6.86b Hyperref driver for pdfTeX
\Fld@listcount=\count157
\c@bookmark@seq@number=\count158

("C:\Users\Dr. Valerie Hower\AppData\Local\Programs\MiKTeX 2.9\tex\latex\oberdi
ek\rerunfilecheck.sty"
Package: rerunfilecheck 2016/05/16 v1.8 Rerun checks for auxiliary files (HO)
Package uniquecounter Info: New unique counter `rerunfilecheck' on input line 2
82.
)
\Hy@SectionHShift=\skip61
)
\outcomefile=\write6
\openout6 = `continuity.oc'.

\c@theorem=\count159
\c@algorithm=\count160
\c@axiom=\count161
\c@claim=\count162
\c@conclusion=\count163
\c@condition=\count164
\c@conjecture=\count165
\c@corollary=\count166
\c@criterion=\count167
\c@definition=\count168
\c@example=\count169
\c@fact=\count170
\c@lemma=\count171
\c@formula=\count172
\c@idea=\count173
\c@notation=\count174
\c@model=\count175
\c@observation=\count176
\c@proposition=\count177
\c@paradox=\count178
\c@procedure=\count179
\c@remark=\count180
\c@summary=\count181
\c@template=\count182
\c@warning=\count183
\c@Iteration@probCnt=\count184
\c@problem=\count185
\c@problem@Depth=\count186
\c@hintLevel=\count187
\c@titlenumber=\count188
\c@sectiontitlenumber=\count189
\idfile=\write7
\openout7 = `continuity.ids'.


("C:\Users\Dr. Valerie Hower\AppData\Local\Programs\MiKTeX 2.9\tex\latex\sagete
x\sagetex.sty"
Package: sagetex 2009/06/17 v2.2.1 embedding Sage into LaTeX documents

("C:\Users\Dr. Valerie Hower\AppData\Local\Programs\MiKTeX 2.9\tex\latex\tools\
verbatim.sty"
Package: verbatim 2014/10/28 v1.5q LaTeX2e package for verbatim enhancements
\every@verbatim=\toks53
\verbatim@line=\toks54
\verbatim@in@stream=\read3
)
("C:\Users\Dr. Valerie Hower\AppData\Local\Programs\MiKTeX 2.9\tex\latex\makecm
ds\makecmds.sty"
Package: makecmds 2009/09/03 v1.0a extra command making commands
)
\c@ST@inline=\count190
\c@ST@plot=\count191
\sagetexindent=\skip62

No file continuity.sout.
)
\myfile=\write8
\openout8 = `continuity.jax'.

) (preamble.tex
("C:\Users\Dr. Valerie Hower\AppData\Local\Programs\MiKTeX 2.9\tex\latex\esint\
esint.sty"
Package: esint 
\symlargesymbolsA=\mathgroup6
)
("C:\Users\Dr. Valerie Hower\AppData\Local\Programs\MiKTeX 2.9\tex\latex\tkz-eu
clide\tkz-euclide.sty"
Package: tkz-euclide 2011/06/01 1.16 c for plots 2d 

("C:\Users\Dr. Valerie Hower\AppData\Local\Programs\MiKTeX 2.9\tex\latex\tkz-ba
se\tkz-base.sty"
Package: tkz-base 2018/09/19 1.16 d tkz-base

("C:\Users\Dr. Valerie Hower\AppData\Local\Programs\MiKTeX 2.9\tex\generic\pgf\
frontendlayer\tikz\libraries\tikzlibraryarrows.code.tex"
File: tikzlibraryarrows.code.tex 2008/01/09 v3.0.1a (rcs-revision 1.1)

("C:\Users\Dr. Valerie Hower\AppData\Local\Programs\MiKTeX 2.9\tex\generic\pgf\
libraries\pgflibraryarrows.code.tex"
File: pgflibraryarrows.code.tex 2013/09/23 v3.0.1a (rcs-revision 1.16)
\arrowsize=\dimen193
))
("C:\Users\Dr. Valerie Hower\AppData\Local\Programs\MiKTeX 2.9\tex\generic\pgf\
frontendlayer\tikz\libraries\tikzlibrarypositioning.code.tex"
File: tikzlibrarypositioning.code.tex 2008/10/06 v3.0.1a (rcs-revision 1.7)
)
("C:\Users\Dr. Valerie Hower\AppData\Local\Programs\MiKTeX 2.9\tex\generic\pgf\
frontendlayer\tikz\libraries\tikzlibraryshapes.misc.code.tex"
File: tikzlibraryshapes.misc.code.tex 2008/01/09 v3.0.1a (rcs-revision 1.1)

("C:\Users\Dr. Valerie Hower\AppData\Local\Programs\MiKTeX 2.9\tex\generic\pgf\
libraries\shapes\pgflibraryshapes.misc.code.tex"
File: pgflibraryshapes.misc.code.tex 2013/07/18 v3.0.1a (rcs-revision 1.5)
))
("C:\Users\Dr. Valerie Hower\AppData\Local\Programs\MiKTeX 2.9\tex\generic\pgf\
frontendlayer\tikz\libraries\tikzlibrarydecorations.markings.code.tex"
("C:\Users\Dr. Valerie Hower\AppData\Local\Programs\MiKTeX 2.9\tex\generic\pgf\
libraries\decorations\pgflibrarydecorations.markings.code.tex"))
("C:\Users\Dr. Valerie Hower\AppData\Local\Programs\MiKTeX 2.9\tex\generic\pgf\
frontendlayer\tikz\libraries\tikzlibrarypatterns.code.tex"
File: tikzlibrarypatterns.code.tex 2008/01/15 v3.0.1a (rcs-revision 1.2)

("C:\Users\Dr. Valerie Hower\AppData\Local\Programs\MiKTeX 2.9\tex\generic\pgf\
libraries\pgflibrarypatterns.code.tex"
File: pgflibrarypatterns.code.tex 2008/03/03 v3.0.1a (rcs-revision 1.13)
))
("C:\Users\Dr. Valerie Hower\AppData\Local\Programs\MiKTeX 2.9\tex\latex\numpri
nt\numprint.sty"
Package: numprint 2012/08/20 v1.39 Print numbers (HH)
\c@nprt@mantissa@digitsbefore=\count192
\c@nprt@mantissa@digitsafter=\count193
\c@nprt@exponent@digitsbefore=\count194
\c@nprt@exponent@digitsafter=\count195
\nprt@digitwidth=\skip63
\nprt@sepwidth=\skip64
\nprt@decimalwidth=\skip65
\nprt@blockwidth=\skip66
\nprt@digittoks=\toks55
\nprt@pretoks=\toks56
\nprt@posttoks=\toks57
\nprt@thisdigit=\count196
\nprt@curpos=\count197
\nprt@rndpos=\count198
\c@nprt@digitsfirstblock=\count199
\c@nprt@blockcnt=\count266
\c@nprt@cntprint=\count267
 No configuration file `numprint.cfg' found.)
("C:\Users\Dr. Valerie Hower\AppData\Local\Programs\MiKTeX 2.9\tex\latex\fp\fp.
sty"
Package: fp 1995/04/02
 `Fixed Point Package', Version 0.8, April 2, 1995 (C) Michael Mehlich
("C:\Users\Dr. Valerie Hower\AppData\Local\Programs\MiKTeX 2.9\tex\latex\fp\def
pattern.sty"
Package: defpattern 1994/10/12
\actioncount=\count268
)
("C:\Users\Dr. Valerie Hower\AppData\Local\Programs\MiKTeX 2.9\tex\latex\fp\fp-
basic.sty"
Package: fp-basic 1996/05/13
\FP@xs=\count269
\FP@xia=\count270
\FP@xib=\count271
\FP@xfa=\count272
\FP@xfb=\count273
\FP@rega=\count274
\FP@regb=\count275
\FP@regs=\count276
\FP@times=\count277
)
("C:\Users\Dr. Valerie Hower\AppData\Local\Programs\MiKTeX 2.9\tex\latex\fp\fp-
addons.sty"
Package: fp-addons 1995/03/15
)
("C:\Users\Dr. Valerie Hower\AppData\Local\Programs\MiKTeX 2.9\tex\latex\fp\fp-
snap.sty"
Package: fp-snap 1995/04/05
)
("C:\Users\Dr. Valerie Hower\AppData\Local\Programs\MiKTeX 2.9\tex\latex\fp\fp-
exp.sty"
Package: fp-exp 1995/04/03
)
("C:\Users\Dr. Valerie Hower\AppData\Local\Programs\MiKTeX 2.9\tex\latex\fp\fp-
trigo.sty"
Package: fp-trigo 1995/04/14
)
("C:\Users\Dr. Valerie Hower\AppData\Local\Programs\MiKTeX 2.9\tex\latex\fp\fp-
pas.sty"
Package: fp-pas 1994/08/29
)
("C:\Users\Dr. Valerie Hower\AppData\Local\Programs\MiKTeX 2.9\tex\latex\fp\fp-
random.sty"
Package: fp-random 1995/02/23
\FPseed=\count278
)
("C:\Users\Dr. Valerie Hower\AppData\Local\Programs\MiKTeX 2.9\tex\latex\fp\fp-
eqn.sty"
Package: fp-eqn 1995/04/03
)
("C:\Users\Dr. Valerie Hower\AppData\Local\Programs\MiKTeX 2.9\tex\latex\fp\fp-
upn.sty"
Package: fp-upn 1996/10/21
)
("C:\Users\Dr. Valerie Hower\AppData\Local\Programs\MiKTeX 2.9\tex\latex\fp\fp-
eval.sty"
Package: fp-eval 1995/04/03
))
\tkzRadius=\dimen194
\tkzLength=\dimen195
\tkz@radi=\dimen196
\tkz@ax=\dimen197
\tkz@ay=\dimen198
\tkz@bx=\dimen199
\tkz@by=\dimen256
\tkz@cx=\dimen257
\tkz@cy=\dimen258
\tkz@dx=\dimen259
\tkz@dy=\dimen260

("C:\Users\Dr. Valerie Hower\AppData\Local\Programs\MiKTeX 2.9\tex\latex\tkz-ba
se\tkz-tools-utilities.tex")
("C:\Users\Dr. Valerie Hower\AppData\Local\Programs\MiKTeX 2.9\tex\latex\tkz-ba
se\tkz-tools-arith.tex"
File: tkz-tool-arith.tex tkz-tool-arith 1.161 d
)
("C:\Users\Dr. Valerie Hower\AppData\Local\Programs\MiKTeX 2.9\tex\latex\tkz-ba
se\tkz-tools-base.tex")
("C:\Users\Dr. Valerie Hower\AppData\Local\Programs\MiKTeX 2.9\tex\latex\tkz-ba
se\tkz-tools-misc.tex")
("C:\Users\Dr. Valerie Hower\AppData\Local\Programs\MiKTeX 2.9\tex\latex\tkz-ba
se\tkz-tools-math.tex")
("C:\Users\Dr. Valerie Hower\AppData\Local\Programs\MiKTeX 2.9\tex\latex\tkz-ba
se\tkz-obj-points.tex")
("C:\Users\Dr. Valerie Hower\AppData\Local\Programs\MiKTeX 2.9\tex\latex\tkz-ba
se\tkz-obj-segments.tex")
("C:\Users\Dr. Valerie Hower\AppData\Local\Programs\MiKTeX 2.9\tex\latex\tkz-ba
se\tkz-obj-marks.tex"
\tkz@cntmk=\count279
))
("C:\Users\Dr. Valerie Hower\AppData\Local\Programs\MiKTeX 2.9\tex\latex\tkz-eu
clide\tkz-tools-intersections.tex")
("C:\Users\Dr. Valerie Hower\AppData\Local\Programs\MiKTeX 2.9\tex\latex\tkz-eu
clide\tkz-tools-transformations.tex")
("C:\Users\Dr. Valerie Hower\AppData\Local\Programs\MiKTeX 2.9\tex\latex\tkz-eu
clide\tkz-obj-lines.tex")
("C:\Users\Dr. Valerie Hower\AppData\Local\Programs\MiKTeX 2.9\tex\latex\tkz-eu
clide\tkz-lib-symbols.tex")
("C:\Users\Dr. Valerie Hower\AppData\Local\Programs\MiKTeX 2.9\tex\latex\tkz-eu
clide\tkz-obj-circles.tex")
("C:\Users\Dr. Valerie Hower\AppData\Local\Programs\MiKTeX 2.9\tex\latex\tkz-eu
clide\tkz-obj-addpoints.tex"))
("C:\Users\Dr. Valerie Hower\AppData\Local\Programs\MiKTeX 2.9\tex\latex\tikz-c
d\tikz-cd.sty"
Package: tikz-cd 2014/10/30 v0.9e Commutative diagrams with tikz

("C:\Users\Dr. Valerie Hower\AppData\Local\Programs\MiKTeX 2.9\tex\generic\tikz
-cd\tikzlibrarycd.code.tex"
("C:\Users\Dr. Valerie Hower\AppData\Local\Programs\MiKTeX 2.9\tex\generic\pgf\
frontendlayer\tikz\libraries\tikzlibrarymatrix.code.tex"
File: tikzlibrarymatrix.code.tex 2013/07/12 v3.0.1a (rcs-revision 1.4)
)
("C:\Users\Dr. Valerie Hower\AppData\Local\Programs\MiKTeX 2.9\tex\generic\pgf\
frontendlayer\tikz\libraries\tikzlibraryquotes.code.tex"
File: tikzlibraryquotes.code.tex 2014/03/21 v3.0.1a (rcs-revision 1.4)
)
("C:\Users\Dr. Valerie Hower\AppData\Local\Programs\MiKTeX 2.9\tex\generic\pgf\
libraries\pgflibraryarrows.meta.code.tex"
File: pgflibraryarrows.meta.code.tex 2015/05/13 v3.0.1a (rcs-revision 1.13)
\pgfarrowinset=\dimen261
\pgfarrowlength=\dimen262
\pgfarrowwidth=\dimen263
\pgfarrowlinewidth=\dimen264
)))
("C:\Users\Dr. Valerie Hower\AppData\Local\Programs\MiKTeX 2.9\tex\generic\pgf\
frontendlayer\tikz\libraries\tikzlibrarybackgrounds.code.tex"
File: tikzlibrarybackgrounds.code.tex 2013/07/18 v3.0.1a (rcs-revision 1.3)
\pgf@layerbox@background=\box45
\pgf@layerboxsaved@background=\box46
)
("C:\Users\Dr. Valerie Hower\AppData\Local\Programs\MiKTeX 2.9\tex\generic\pgf\
frontendlayer\tikz\libraries\tikzlibraryshapes.code.tex"
File: tikzlibraryshapes.code.tex 2008/01/09 v3.0.1a (rcs-revision 1.1)

("C:\Users\Dr. Valerie Hower\AppData\Local\Programs\MiKTeX 2.9\tex\generic\pgf\
frontendlayer\tikz\libraries\tikzlibraryshapes.geometric.code.tex"
File: tikzlibraryshapes.geometric.code.tex 2008/01/09 v3.0.1a (rcs-revision 1.1
)

("C:\Users\Dr. Valerie Hower\AppData\Local\Programs\MiKTeX 2.9\tex\generic\pgf\
libraries\shapes\pgflibraryshapes.geometric.code.tex"
File: pgflibraryshapes.geometric.code.tex 2008/06/26 v3.0.1a (rcs-revision 1.1)

))
("C:\Users\Dr. Valerie Hower\AppData\Local\Programs\MiKTeX 2.9\tex\generic\pgf\
frontendlayer\tikz\libraries\tikzlibraryshapes.symbols.code.tex"
File: tikzlibraryshapes.symbols.code.tex 2008/01/09 v3.0.1a (rcs-revision 1.1)

("C:\Users\Dr. Valerie Hower\AppData\Local\Programs\MiKTeX 2.9\tex\generic\pgf\
libraries\shapes\pgflibraryshapes.symbols.code.tex"
File: pgflibraryshapes.symbols.code.tex 2013/09/11 v3.0.1a (rcs-revision 1.6)
))
("C:\Users\Dr. Valerie Hower\AppData\Local\Programs\MiKTeX 2.9\tex\generic\pgf\
frontendlayer\tikz\libraries\tikzlibraryshapes.arrows.code.tex"
File: tikzlibraryshapes.arrows.code.tex 2008/01/09 v3.0.1a (rcs-revision 1.1)

("C:\Users\Dr. Valerie Hower\AppData\Local\Programs\MiKTeX 2.9\tex\generic\pgf\
libraries\shapes\pgflibraryshapes.arrows.code.tex"
File: pgflibraryshapes.arrows.code.tex 2008/06/26 v3.0.1a (rcs-revision 1.1)
))
("C:\Users\Dr. Valerie Hower\AppData\Local\Programs\MiKTeX 2.9\tex\generic\pgf\
frontendlayer\tikz\libraries\tikzlibraryshapes.callouts.code.tex"
("C:\Users\Dr. Valerie Hower\AppData\Local\Programs\MiKTeX 2.9\tex\generic\pgf\
libraries\shapes\pgflibraryshapes.callouts.code.tex"))
("C:\Users\Dr. Valerie Hower\AppData\Local\Programs\MiKTeX 2.9\tex\generic\pgf\
frontendlayer\tikz\libraries\tikzlibraryshapes.multipart.code.tex"
File: tikzlibraryshapes.multipart.code.tex 2008/01/09 v3.0.1a (rcs-revision 1.1
)

("C:\Users\Dr. Valerie Hower\AppData\Local\Programs\MiKTeX 2.9\tex\generic\pgf\
libraries\shapes\pgflibraryshapes.multipart.code.tex"
File: pgflibraryshapes.multipart.code.tex 2010/01/07 v3.0.1a (rcs-revision 1.2)

\pgfnodepartlowerbox=\box47
\pgfnodeparttwobox=\box48
\pgfnodepartthreebox=\box49
\pgfnodepartfourbox=\box50
\pgfnodeparttwentybox=\box51
\pgfnodepartnineteenbox=\box52
\pgfnodeparteighteenbox=\box53
\pgfnodepartseventeenbox=\box54
\pgfnodepartsixteenbox=\box55
\pgfnodepartfifteenbox=\box56
\pgfnodepartfourteenbox=\box57
\pgfnodepartthirteenbox=\box58
\pgfnodeparttwelvebox=\box59
\pgfnodepartelevenbox=\box60
\pgfnodeparttenbox=\box61
\pgfnodepartninebox=\box62
\pgfnodeparteightbox=\box63
\pgfnodepartsevenbox=\box64
\pgfnodepartsixbox=\box65
\pgfnodepartfivebox=\box66
)))
("C:\Users\Dr. Valerie Hower\AppData\Local\Programs\MiKTeX 2.9\tex\generic\pgfp
lots\libs\tikzlibrarypgfplots.polar.code.tex")
("C:\Users\Dr. Valerie Hower\AppData\Local\Programs\MiKTeX 2.9\tex\generic\pgfp
lots\libs\tikzlibrarypgfplots.fillbetween.code.tex"
("C:\Users\Dr. Valerie Hower\AppData\Local\Programs\MiKTeX 2.9\tex\generic\pgfp
lots\pgfcontrib\tikzlibraryfillbetween.code.tex"
("C:\Users\Dr. Valerie Hower\AppData\Local\Programs\MiKTeX 2.9\tex\generic\pgf\
frontendlayer\tikz\libraries\tikzlibraryintersections.code.tex"
("C:\Users\Dr. Valerie Hower\AppData\Local\Programs\MiKTeX 2.9\tex\generic\pgf\
libraries\pgflibraryintersections.code.tex"
\pgf@intersect@solutions=\count280
))
("C:\Users\Dr. Valerie Hower\AppData\Local\Programs\MiKTeX 2.9\tex\generic\pgfp
lots\pgfcontrib\tikzlibrarydecorations.softclip.code.tex"
("C:\Users\Dr. Valerie Hower\AppData\Local\Programs\MiKTeX 2.9\tex\generic\pgfp
lots\pgfcontrib\pgflibraryfillbetween.code.tex"
("C:\Users\Dr. Valerie Hower\AppData\Local\Programs\MiKTeX 2.9\tex\generic\pgfp
lots\oldpgfcompatib\pgfplotsoldpgfsupp_pgflibraryintersections.code.tex"
\pgf@intersect@solutions=\count281
))))
("C:\Users\Dr. Valerie Hower\AppData\Local\Programs\MiKTeX 2.9\tex\generic\pgfp
lots\libs\tikzlibrarypgfplots.decorations.softclip.code.tex"))
("C:\Users\Dr. Valerie Hower\AppData\Local\Programs\MiKTeX 2.9\tex\latex\tkz-eu
clide\tkz-obj-polygons.tex")
("C:\Users\Dr. Valerie Hower\AppData\Local\Programs\MiKTeX 2.9\tex\latex\tkz-eu
clide\tkz-obj-vectors.tex")
("C:\Users\Dr. Valerie Hower\AppData\Local\Programs\MiKTeX 2.9\tex\latex\tkz-eu
clide\tkz-obj-arcs.tex")
("C:\Users\Dr. Valerie Hower\AppData\Local\Programs\MiKTeX 2.9\tex\latex\tkz-eu
clide\tkz-obj-sectors.tex")
("C:\Users\Dr. Valerie Hower\AppData\Local\Programs\MiKTeX 2.9\tex\latex\tkz-eu
clide\tkz-obj-angles.tex")
("C:\Users\Dr. Valerie Hower\AppData\Local\Programs\MiKTeX 2.9\tex\latex\tkz-eu
clide\tkz-obj-protractor.tex")
\digitwidth=\dimen265
)
No file continuity.aux.
\openout1 = `continuity.aux'.

LaTeX Font Info:    Checking defaults for OML/cmm/m/it on input line 9.
LaTeX Font Info:    ... okay on input line 9.
LaTeX Font Info:    Checking defaults for T1/cmr/m/n on input line 9.
LaTeX Font Info:    ... okay on input line 9.
LaTeX Font Info:    Checking defaults for OT1/cmr/m/n on input line 9.
LaTeX Font Info:    ... okay on input line 9.
LaTeX Font Info:    Checking defaults for OMS/cmsy/m/n on input line 9.
LaTeX Font Info:    ... okay on input line 9.
LaTeX Font Info:    Checking defaults for OMX/cmex/m/n on input line 9.
LaTeX Font Info:    ... okay on input line 9.
LaTeX Font Info:    Checking defaults for U/cmr/m/n on input line 9.
LaTeX Font Info:    ... okay on input line 9.
LaTeX Font Info:    Checking defaults for PD1/pdf/m/n on input line 9.
LaTeX Font Info:    ... okay on input line 9.

("C:\Users\Dr. Valerie Hower\AppData\Local\Programs\MiKTeX 2.9\tex\context\base
\supp-pdf.mkii"
[Loading MPS to PDF converter (version 2006.09.02).]
\scratchcounter=\count282
\scratchdimen=\dimen266
\scratchbox=\box67
\nofMPsegments=\count283
\nofMParguments=\count284
\everyMPshowfont=\toks58
\MPscratchCnt=\count285
\MPscratchDim=\dimen267
\MPnumerator=\count286
\makeMPintoPDFobject=\count287
\everyMPtoPDFconversion=\toks59
) ABD: EveryShipout initializing macros

Package pgfplots Warning: running in backwards compatibility mode (unsuitable t
ick labels; missing features). Consider writing \pgfplotsset{compat=1.16} into 
your preamble.
 on input line 9.

\c@lstlisting=\count288
\AtBeginShipoutBox=\box68
Package hyperref Info: Link coloring ON on input line 9.
LaTeX Info: Redefining \ref on input line 9.
LaTeX Info: Redefining \pageref on input line 9.
LaTeX Info: Redefining \nameref on input line 9.
\@outlinefile=\write9
\openout9 = `continuity.out'.

\ST@sf=\write10
\openout10 = `continuity.sage'.

LaTeX Font Info:    Try loading font information for U+msa on input line 13.

("C:\Users\Dr. Valerie Hower\AppData\Local\Programs\MiKTeX 2.9\tex\latex\amsfon
ts\umsa.fd"
File: umsa.fd 2013/01/14 v3.01 AMS symbols A
)
LaTeX Font Info:    Try loading font information for U+msb on input line 13.

("C:\Users\Dr. Valerie Hower\AppData\Local\Programs\MiKTeX 2.9\tex\latex\amsfon
ts\umsb.fd"
File: umsb.fd 2013/01/14 v3.01 AMS symbols B
)
LaTeX Font Info:    Try loading font information for U+esint on input line 13.

("C:\Users\Dr. Valerie Hower\AppData\Local\Programs\MiKTeX 2.9\tex\latex\esint\
uesint.fd"
File: uesint.fd 
)

LaTeX Warning: No \author given.

\c@depthICount=\count289
[1{C:/Users/Dr. Valerie Hower/AppData/Local/MiKTeX/2.9/pdftex/config/pdftex.map
}

]
Overfull \hbox (1.60422pt too wide) in paragraph at lines 130--131
[]$\OML/cmm/m/it/10 f\OT1/cmr/m/n/10 (\OML/cmm/m/it/10 x\OT1/cmr/m/n/10 ) = \OM
L/cmm/m/it/10 x; f\OT1/cmr/m/n/10 (\OML/cmm/m/it/10 x\OT1/cmr/m/n/10 ) = \OML/c
mm/m/it/10 x[]; f\OT1/cmr/m/n/10 (\OML/cmm/m/it/10 x\OT1/cmr/m/n/10 ) = \OML/cm
m/m/it/10 x[]; [] $ \OT1/cmr/m/it/10 or more gen-er-ally $\OML/cmm/m/it/10 f\OT
1/cmr/m/n/10 (\OML/cmm/m/it/10 x\OT1/cmr/m/n/10 ) =
 []

[2]
Package atveryend Info: Empty hook `BeforeClearDocument' on input line 142.
Package atveryend Info: Empty hook `AfterLastShipout' on input line 142.
 (continuity.aux)
Package atveryend Info: Executing hook `AtVeryEndDocument' on input line 142.
Package atveryend Info: Executing hook `AtEndAfterFileList' on input line 142.


Package rerunfilecheck Warning: File `continuity.out' has changed.
(rerunfilecheck)                Rerun to get outlines right
(rerunfilecheck)                or use package `bookmark'.

Package rerunfilecheck Info: Checksums for `continuity.out':
(rerunfilecheck)             Before: <no file>
(rerunfilecheck)             After:  F232AE572F1D0E6E8421F582D3EA3DD3;47.
Package atveryend Info: Empty hook `AtVeryVeryEnd' on input line 142.
 ) 
Here is how much of TeX's memory you used:
 36733 strings out of 493305
 895324 string characters out of 3124581
 1151132 words of memory out of 3000000
 39497 multiletter control sequences out of 15000+200000
 13553 words of font info for 55 fonts, out of 3000000 for 9000
 1141 hyphenation exceptions out of 8191
 77i,11n,107p,741b,2103s stack positions out of 5000i,500n,10000p,200000b,50000s
<C:/Users/Dr. Valerie Hower/AppData/Local/Programs/MiKTeX 2.9/fonts/type1/pub
lic/amsfonts/cm/cmbx10.pfb><C:/Users/Dr. Valerie Hower/AppData/Local/Programs/M
iKTeX 2.9/fonts/type1/public/amsfonts/cm/cmbx12.pfb><C:/Users/Dr. Valerie Hower
/AppData/Local/Programs/MiKTeX 2.9/fonts/type1/public/amsfonts/cm/cmbxsl10.pfb>
<C:/Users/Dr. Valerie Hower/AppData/Local/Programs/MiKTeX 2.9/fonts/type1/publi
c/amsfonts/cm/cmbxti10.pfb><C:/Users/Dr. Valerie Hower/AppData/Local/Programs/M
iKTeX 2.9/fonts/type1/public/amsfonts/cm/cmitt10.pfb><C:/Users/Dr. Valerie Howe
r/AppData/Local/Programs/MiKTeX 2.9/fonts/type1/public/amsfonts/cm/cmmi10.pfb><
C:/Users/Dr. Valerie Hower/AppData/Local/Programs/MiKTeX 2.9/fonts/type1/public
/amsfonts/cm/cmmi7.pfb><C:/Users/Dr. Valerie Hower/AppData/Local/Programs/MiKTe
X 2.9/fonts/type1/public/amsfonts/cm/cmmi8.pfb><C:/Users/Dr. Valerie Hower/AppD
ata/Local/Programs/MiKTeX 2.9/fonts/type1/public/amsfonts/cm/cmr10.pfb><C:/User
s/Dr. Valerie Hower/AppData/Local/Programs/MiKTeX 2.9/fonts/type1/public/amsfon
ts/cm/cmr5.pfb><C:/Users/Dr. Valerie Hower/AppData/Local/Programs/MiKTeX 2.9/fo
nts/type1/public/amsfonts/cm/cmr7.pfb><C:/Users/Dr. Valerie Hower/AppData/Local
/Programs/MiKTeX 2.9/fonts/type1/public/amsfonts/cm/cmr8.pfb><C:/Users/Dr. Vale
rie Hower/AppData/Local/Programs/MiKTeX 2.9/fonts/type1/public/amsfonts/cm/cmsl
10.pfb><C:/Users/Dr. Valerie Hower/AppData/Local/Programs/MiKTeX 2.9/fonts/type
1/public/amsfonts/cm/cmssbx10.pfb><C:/Users/Dr. Valerie Hower/AppData/Local/Pro
grams/MiKTeX 2.9/fonts/type1/public/amsfonts/cm/cmsy10.pfb><C:/Users/Dr. Valeri
e Hower/AppData/Local/Programs/MiKTeX 2.9/fonts/type1/public/amsfonts/cm/cmsy5.
pfb><C:/Users/Dr. Valerie Hower/AppData/Local/Programs/MiKTeX 2.9/fonts/type1/p
ublic/amsfonts/cm/cmsy7.pfb><C:/Users/Dr. Valerie Hower/AppData/Local/Programs/
MiKTeX 2.9/fonts/type1/public/amsfonts/cm/cmti10.pfb><C:/Users/Dr. Valerie Howe
r/AppData/Local/Programs/MiKTeX 2.9/fonts/type1/public/amsfonts/symbols/msam10.
pfb>
Output written on continuity.pdf (2 pages, 200812 bytes).
PDF statistics:
 108 PDF objects out of 1000 (max. 8388607)
 12 named destinations out of 1000 (max. 500000)
 13 words of extra memory for PDF output out of 10000 (max. 10000000)

